<?xml version="1.0" encoding="utf-8" standalone="no"?>
<test-results xmlns:xsi="http://www.w3.org/2001/XMLSchema-instance" xsi:noNamespaceSchemaLocation="nunit_schema_2.5.xsd" name="Pester" total="11" errors="0" failures="0" not-run="0" inconclusive="0" ignored="0" skipped="0" invalid="0" date="2018-07-16" time="00:14:22">
  <environment user="Mercier" machine-name="TEMPLE-DU-POUF" cwd="C:\Users\Mercier\Documents\GitHub\_powershell-scripts\tt\SimpleMenu" user-domain="TEMPLE-DU-POUF" platform="Microsoft Windows 10 Pro|C:\WINDOWS|\Device\Harddisk1\Partition4" nunit-version="2.5.8.0" os-version="10.0.17134" clr-version="4.0.30319.42000" />
  <culture-info current-culture="en-CA" current-uiculture="en-US" />
  <test-suite type="TestFixture" name="Pester" executed="True" result="Success" success="True" time="0.3432" asserts="0" description="Pester">
    <results>
      <test-suite type="TestFixture" name="C:\Users\Mercier\Documents\GitHub\_powershell-scripts\tt\SimpleMenu\Tests\SimpleMenu.tests.ps1" executed="True" result="Success" success="True" time="0.3432" asserts="0" description="C:\Users\Mercier\Documents\GitHub\_powershell-scripts\tt\SimpleMenu\Tests\SimpleMenu.tests.ps1">
        <results>
          <test-suite type="TestFixture" name="General project validation: SimpleMenu" executed="True" result="Success" success="True" time="0.3432" asserts="0" description="General project validation: SimpleMenu">
            <results>
              <test-suite type="ParameterizedTest" name="General project validation: SimpleMenu.Script &lt;file&gt; should be valid powershell" executed="True" result="Success" success="True" time="0.3432" asserts="0" description="Script &lt;file&gt; should be valid powershell">
                <results>
                  <test-case description="Script C:\Users\Mercier\Documents\GitHub\_powershell-scripts\tt\SimpleMenu\Classes\SimpleMenu.ps1 should be valid powershell" name="General project validation: SimpleMenu.Script C:\Users\Mercier\Documents\GitHub\_powershell-scripts\tt\SimpleMenu\Classes\SimpleMenu.ps1 should be valid powershell" time="0.1116" asserts="0" success="True" result="Success" executed="True" />
                  <test-case description="Script C:\Users\Mercier\Documents\GitHub\_powershell-scripts\tt\SimpleMenu\Output\SimpleMenu\SimpleMenu.psd1 should be valid powershell" name="General project validation: SimpleMenu.Script C:\Users\Mercier\Documents\GitHub\_powershell-scripts\tt\SimpleMenu\Output\SimpleMenu\SimpleMenu.psd1 should be valid powershell" time="0.0366" asserts="0" success="True" result="Success" executed="True" />
                  <test-case description="Script C:\Users\Mercier\Documents\GitHub\_powershell-scripts\tt\SimpleMenu\Output\SimpleMenu\SimpleMenu.psm1 should be valid powershell" name="General project validation: SimpleMenu.Script C:\Users\Mercier\Documents\GitHub\_powershell-scripts\tt\SimpleMenu\Output\SimpleMenu\SimpleMenu.psm1 should be valid powershell" time="0.0293" asserts="0" success="True" result="Success" executed="True" />
                  <test-case description="Script C:\Users\Mercier\Documents\GitHub\_powershell-scripts\tt\SimpleMenu\Public\Invoke-SimpleMenu.ps1 should be valid powershell" name="General project validation: SimpleMenu.Script C:\Users\Mercier\Documents\GitHub\_powershell-scripts\tt\SimpleMenu\Public\Invoke-SimpleMenu.ps1 should be valid powershell" time="0.0267" asserts="0" success="True" result="Success" executed="True" />
                  <test-case description="Script C:\Users\Mercier\Documents\GitHub\_powershell-scripts\tt\SimpleMenu\Public\New-SimpleMenu.ps1 should be valid powershell" name="General project validation: SimpleMenu.Script C:\Users\Mercier\Documents\GitHub\_powershell-scripts\tt\SimpleMenu\Public\New-SimpleMenu.ps1 should be valid powershell" time="0.0157" asserts="0" success="True" result="Success" executed="True" />
                  <test-case description="Script C:\Users\Mercier\Documents\GitHub\_powershell-scripts\tt\SimpleMenu\Public\New-SimpleMenuItem.ps1 should be valid powershell" name="General project validation: SimpleMenu.Script C:\Users\Mercier\Documents\GitHub\_powershell-scripts\tt\SimpleMenu\Public\New-SimpleMenuItem.ps1 should be valid powershell" time="0.0135" asserts="0" success="True" result="Success" executed="True" />
                  <test-case description="Script C:\Users\Mercier\Documents\GitHub\_powershell-scripts\tt\SimpleMenu\Tests\SimpleMenu.tests.ps1 should be valid powershell" name="General project validation: SimpleMenu.Script C:\Users\Mercier\Documents\GitHub\_powershell-scripts\tt\SimpleMenu\Tests\SimpleMenu.tests.ps1 should be valid powershell" time="0.0261" asserts="0" success="True" result="Success" executed="True" />
                  <test-case description="Script C:\Users\Mercier\Documents\GitHub\_powershell-scripts\tt\SimpleMenu\SimpleMenu.build.ps1 should be valid powershell" name="General project validation: SimpleMenu.Script C:\Users\Mercier\Documents\GitHub\_powershell-scripts\tt\SimpleMenu\SimpleMenu.build.ps1 should be valid powershell" time="0.029" asserts="0" success="True" result="Success" executed="True" />
                  <test-case description="Script C:\Users\Mercier\Documents\GitHub\_powershell-scripts\tt\SimpleMenu\SimpleMenu.psd1 should be valid powershell" name="General project validation: SimpleMenu.Script C:\Users\Mercier\Documents\GitHub\_powershell-scripts\tt\SimpleMenu\SimpleMenu.psd1 should be valid powershell" time="0.0277" asserts="0" success="True" result="Success" executed="True" />
                  <test-case description="Script C:\Users\Mercier\Documents\GitHub\_powershell-scripts\tt\SimpleMenu\SimpleMenu.psm1 should be valid powershell" name="General project validation: SimpleMenu.Script C:\Users\Mercier\Documents\GitHub\_powershell-scripts\tt\SimpleMenu\SimpleMenu.psm1 should be valid powershell" time="0.0128" asserts="0" success="True" result="Success" executed="True" />
                  <test-case description="Script C:\Users\Mercier\Documents\GitHub\_powershell-scripts\tt\SimpleMenu\test.ps1 should be valid powershell" name="General project validation: SimpleMenu.Script C:\Users\Mercier\Documents\GitHub\_powershell-scripts\tt\SimpleMenu\test.ps1 should be valid powershell" time="0.0143" asserts="0" success="True" result="Success" executed="True" />
                </results>
              </test-suite>
            </results>
          </test-suite>
        </results>
      </test-suite>
    </results>
  </test-suite>
</test-results>